1675241352647	geckodriver	INFO	Listening on 127.0.0.1:53006
1675241355669	mozrunner::runner	INFO	Running command: "C:\\Program Files\\Mozilla Firefox\\firefox.exe" "--marionette" "--remote-debugging-port" "53007" "--remote-allow-hosts" "localhost" "-no-remote" "-profile" "C:\\Users\\abramov\\AppData\\Local\\Temp\\rust_mozprofilebJqjzx"
1675241356057	Marionette	INFO	Marionette enabled
Dynamically enable window occlusion 0
1675241356065	Marionette	INFO	Listening on port 53019
Read port: 53019
WebDriver BiDi listening on ws://127.0.0.1:53007
1675241356255	RemoteAgent	WARN	TLS certificate errors will be ignored for this session
console.warn: SearchSettings: "get: No settings file exists, new profile?" (new NotFoundError("Could not open the file at C:\\Users\\abramov\\AppData\\Local\\Temp\\rust_mozprofilebJqjzx\\search.json.mozlz4", (void 0)))
DevTools listening on ws://127.0.0.1:53007/devtools/browser/0d09852a-89f8-4e92-9cee-6299d779e504
JavaScript warning: https://stepik.azureedge.net/static/frontend-build/vendor.js?v=1675064150, line 6289: unreachable code after return statement
JavaScript error: https://stepik.azureedge.net/static/frontend-build/vendor.js?v=1675064150, line 6105: Error: Expected: '<assignment:568645>' to be present in the adapter provided payload, but it was not found.
1675241425677	geckodriver	INFO	Listening on 127.0.0.1:53194
1675241428759	mozrunner::runner	INFO	Running command: "C:\\Program Files\\Mozilla Firefox\\firefox.exe" "--marionette" "--remote-debugging-port" "53195" "--remote-allow-hosts" "localhost" "-no-remote" "-profile" "C:\\Users\\abramov\\AppData\\Local\\Temp\\rust_mozprofile3ja692"
1675241429131	Marionette	INFO	Marionette enabled
Dynamically enable window occlusion 0
1675241429137	Marionette	INFO	Listening on port 53207
Read port: 53207
WebDriver BiDi listening on ws://127.0.0.1:53195
1675241429309	RemoteAgent	WARN	TLS certificate errors will be ignored for this session
console.warn: SearchSettings: "get: No settings file exists, new profile?" (new NotFoundError("Could not open the file at C:\\Users\\abramov\\AppData\\Local\\Temp\\rust_mozprofile3ja692\\search.json.mozlz4", (void 0)))
DevTools listening on ws://127.0.0.1:53195/devtools/browser/d3ad49df-65d7-4d72-b4b2-3cd93c2e3c82
JavaScript warning: https://stepik.azureedge.net/static/frontend-build/vendor.js?v=1675064150, line 6289: unreachable code after return statement
JavaScript error: https://stepik.azureedge.net/static/frontend-build/vendor.js?v=1675064150, line 6105: Error: Expected: '<assignment:568645>' to be present in the adapter provided payload, but it was not found.
1675241442757	Marionette	INFO	Stopped listening on port 53207
Dynamically enable window occlusion 1
console.warn: TopSitesFeed: Failed to fetch data from Contile server: NetworkError when attempting to fetch resource.
WARNING: A blocker encountered an error while we were waiting.
          Blocker:  Waiting for ping task
          Phase: TelemetryController: Waiting for pending ping activity
          State: (none)
WARNING: Error: Phase "profile-before-change" is finished, it is too late to register completion condition "OS.File: flush I/O queued before profileBeforeChange"
WARNING: addBlocker@resource://gre/modules/AsyncShutdown.jsm:718:15
addBlocker@resource://gre/modules/AsyncShutdown.jsm:523:26
addBlocker@resource://gre/modules/AsyncShutdown.jsm:462:15
setupShutdown@resource://gre/modules/osfile/osfile_async_front.jsm:1548:28
@resource://gre/modules/osfile/osfile_async_front.jsm:1568:16
@resource://gre/modules/osfile.jsm:12:30
@resource://gre/modules/TelemetryStorage.jsm:19:28
promiseArchivePing@resource://gre/modules/TelemetryArchive.jsm:103:5
promiseArchivePing@resource://gre/modules/TelemetryArchive.jsm:63:33
_submitPingLogic@resource://gre/modules/TelemetryControllerParent.jsm:540:48
send@resource://gre/modules/TelemetryControllerParent.jsm:628:24
submitExternalPing@resource://gre/modules/TelemetryControllerParent.jsm:182:17
sendPing@resource://gre/modules/EventPing.jsm:51:30
_submitPing@resource://gre/modules/EventPing.jsm:229:12
shutdown@resource://gre/modules/EventPing.jsm:112:10
_cleanupOnShutdown@resource://gre/modules/TelemetryControllerParent.jsm:940:31
shutdown/<@resource://gre/modules/TelemetryControllerParent.jsm:1010:24
observe@resource://gre/modules/AsyncShutdown.jsm:572:16

WARNING: A blocker encountered an error while we were waiting.
          Blocker:  Waiting for ping task
          Phase: TelemetryController: Waiting for pending ping activity
          State: (none)
WARNING: Error: Phase "profile-before-change" is finished, it is too late to register completion condition "OS.File: flush I/O queued before profileBeforeChange"
WARNING: addBlocker@resource://gre/modules/AsyncShutdown.jsm:718:15
addBlocker@resource://gre/modules/AsyncShutdown.jsm:523:26
addBlocker@resource://gre/modules/AsyncShutdown.jsm:462:15
setupShutdown@resource://gre/modules/osfile/osfile_async_front.jsm:1548:28
@resource://gre/modules/osfile/osfile_async_front.jsm:1568:16
@resource://gre/modules/osfile.jsm:12:30
@resource://gre/modules/TelemetryStorage.jsm:19:28
promiseArchivePing@resource://gre/modules/TelemetryArchive.jsm:103:5
promiseArchivePing@resource://gre/modules/TelemetryArchive.jsm:63:33
_submitPingLogic@resource://gre/modules/TelemetryControllerParent.jsm:540:48
send@resource://gre/modules/TelemetryControllerParent.jsm:628:24
submitExternalPing@resource://gre/modules/TelemetryControllerParent.jsm:182:17
saveShutdownPings@resource://gre/modules/TelemetrySession.jsm:982:34
shutdownChromeProcess/cleanup/<@resource://gre/modules/TelemetrySession.jsm:1232:20
cleanup@resource://gre/modules/TelemetrySession.jsm:1239:9
shutdownChromeProcess@resource://gre/modules/TelemetrySession.jsm:1256:14
shutdown@resource://gre/modules/TelemetrySession.jsm:247:17
_cleanupOnShutdown@resource://gre/modules/TelemetryControllerParent.jsm:959:35
observe@resource://gre/modules/AsyncShutdown.jsm:572:16

WARNING: A blocker encountered an error while we were waiting.
          Blocker:  Waiting for ping task
          Phase: TelemetryController: Waiting for pending ping activity
          State: (none)
WARNING: Error: Phase "profile-before-change" is finished, it is too late to register completion condition "OS.File: flush I/O queued before profileBeforeChange"
WARNING: addBlocker@resource://gre/modules/AsyncShutdown.jsm:718:15
addBlocker@resource://gre/modules/AsyncShutdown.jsm:523:26
addBlocker@resource://gre/modules/AsyncShutdown.jsm:462:15
setupShutdown@resource://gre/modules/osfile/osfile_async_front.jsm:1548:28
@resource://gre/modules/osfile/osfile_async_front.jsm:1568:16
@resource://gre/modules/osfile.jsm:12:30
@resource://gre/modules/TelemetryStorage.jsm:19:28
promiseArchivePing@resource://gre/modules/TelemetryArchive.jsm:103:5
promiseArchivePing@resource://gre/modules/TelemetryArchive.jsm:63:33
_submitPingLogic@resource://gre/modules/TelemetryControllerParent.jsm:540:48
send@resource://gre/modules/TelemetryControllerParent.jsm:628:24
submitExternalPing@resource://gre/modules/TelemetryControllerParent.jsm:182:17
saveShutdownPings@resource://gre/modules/TelemetrySession.jsm:1014:36
shutdownChromeProcess/cleanup/<@resource://gre/modules/TelemetrySession.jsm:1232:20
cleanup@resource://gre/modules/TelemetrySession.jsm:1239:9
shutdownChromeProcess@resource://gre/modules/TelemetrySession.jsm:1256:14
shutdown@resource://gre/modules/TelemetrySession.jsm:247:17
_cleanupOnShutdown@resource://gre/modules/TelemetryControllerParent.jsm:959:35
observe@resource://gre/modules/AsyncShutdown.jsm:572:16

WARNING: A blocker encountered an error while we were waiting.
          Blocker:  TelemetryController: shutting down
          Phase: profile-before-change-telemetry
          State: Error getting state: Error: Phase "profile-before-change" is finished, it is too late to register completion condition "OS.File: flush I/O queued before profileBeforeChange" at addBlocker@resource://gre/modules/AsyncShutdown.jsm:718:15
addBlocker@resource://gre/modules/AsyncShutdown.jsm:523:26
addBlocker@resource://gre/modules/AsyncShutdown.jsm:462:15
setupShutdown@resource://gre/modules/osfile/osfile_async_front.jsm:1548:28
@resource://gre/modules/osfile/osfile_async_front.jsm:1568:16
@resource://gre/modules/osfile.jsm:12:30
@resource://gre/modules/TelemetryStorage.jsm:19:28
getShutdownState@resource://gre/modules/TelemetrySend.jsm:1692:7
getShutdownState@resource://gre/modules/TelemetrySend.jsm:374:30
_getState@resource://gre/modules/TelemetryControllerParent.jsm:1058:38
setupTelemetry/<@resource://gre/modules/TelemetryControllerParent.jsm:917:18
safeGetState@resource://gre/modules/AsyncShutdown.jsm:254:17
Barrier/_internalAddBlocker/promise<@resource://gre/modules/AsyncShutdown.jsm:773:20
observe@resource://gre/modules/AsyncShutdown.jsm:572:16

WARNING: Error: Phase "profile-before-change" is finished, it is too late to register completion condition "OS.File: flush I/O queued before profileBeforeChange"
WARNING: addBlocker@resource://gre/modules/AsyncShutdown.jsm:718:15
addBlocker@resource://gre/modules/AsyncShutdown.jsm:523:26
addBlocker@resource://gre/modules/AsyncShutdown.jsm:462:15
setupShutdown@resource://gre/modules/osfile/osfile_async_front.jsm:1548:28
@resource://gre/modules/osfile/osfile_async_front.jsm:1568:16
@resource://gre/modules/osfile.jsm:12:30
@resource://gre/modules/TelemetryStorage.jsm:19:28
removeAbortedSessionPing@resource://gre/modules/TelemetryControllerParent.jsm:721:5
removeAbortedSessionPing@resource://gre/modules/TelemetryControllerParent.jsm:249:17
shutdownChromeProcess/cleanup/<@resource://gre/modules/TelemetrySession.jsm:1235:42
observe@resource://gre/modules/AsyncShutdown.jsm:572:16

JavaScript error: resource://gre/modules/AsyncShutdown.jsm, line 718: Error: Phase "profile-before-change" is finished, it is too late to register completion condition "OS.File: flush I/O queued before profileBeforeChange"
JavaScript error: resource://gre/modules/AsyncShutdown.jsm, line 718: Error: Phase "profile-before-change" is finished, it is too late to register completion condition "OS.File: flush I/O queued before profileBeforeChange"
JavaScript error: resource://gre/modules/AsyncShutdown.jsm, line 718: Error: Phase "profile-before-change" is finished, it is too late to register completion condition "OS.File: flush I/O queued before profileBeforeChange"
JavaScript error: resource://gre/modules/AsyncShutdown.jsm, line 718: Error: Phase "profile-before-change" is finished, it is too late to register completion condition "OS.File: flush I/O queued before profileBeforeChange"
JavaScript error: resource://gre/modules/AsyncShutdown.jsm, line 718: Error: Phase "profile-before-change" is finished, it is too late to register completion condition "OS.File: flush I/O queued before profileBeforeChange"
JavaScript error: resource://gre/modules/AsyncShutdown.jsm, line 718: Error: Phase "profile-before-change" is finished, it is too late to register completion condition "OS.File: flush I/O queued before profileBeforeChange"
1675247343740	geckodriver	INFO	Listening on 127.0.0.1:64806
1675247346787	mozrunner::runner	INFO	Running command: "C:\\Program Files\\Mozilla Firefox\\firefox.exe" "--marionette" "--remote-debugging-port" "64807" "--remote-allow-hosts" "localhost" "-no-remote" "-profile" "C:\\Users\\abramov\\AppData\\Local\\Temp\\rust_mozprofileGtW0oA"
1675247347151	Marionette	INFO	Marionette enabled
Dynamically enable window occlusion 0
1675247347158	Marionette	INFO	Listening on port 64820
Read port: 64820
WebDriver BiDi listening on ws://127.0.0.1:64807
1675247347341	RemoteAgent	WARN	TLS certificate errors will be ignored for this session
console.warn: SearchSettings: "get: No settings file exists, new profile?" (new NotFoundError("Could not open the file at C:\\Users\\abramov\\AppData\\Local\\Temp\\rust_mozprofileGtW0oA\\search.json.mozlz4", (void 0)))
DevTools listening on ws://127.0.0.1:64807/devtools/browser/2b6a2a82-afd0-4a18-8f7d-15f6303d521e
JavaScript warning: https://stepik.azureedge.net/static/frontend-build/vendor.js?v=1675064150, line 6289: unreachable code after return statement
JavaScript error: https://stepik.azureedge.net/static/frontend-build/vendor.js?v=1675064150, line 6105: Error: Expected: '<assignment:568645>' to be present in the adapter provided payload, but it was not found.
